mqttServiceLibrary/build/intermediates/manifest_merge_blame_file/debug/manifest-merger-blame-debug-report.txt
1<?xml version="1.0" encoding="utf-8"?>
2<manifest xmlns:android="http://schemas.android.com/apk/res/android"
3    package="org.eclipse.paho.android.service" >
4
5    <uses-sdk
6        android:minSdkVersion="23"
6-->src\main\AndroidManifest.xml
7        android:targetSdkVersion="33" />
7-->src\main\AndroidManifest.xml
8
9    <uses-permission android:name="android.permission.FOREGROUND_SERVICE" />
9-->src\main\AndroidManifest.xml:3:5-77
9-->src\main\AndroidManifest.xml:3:22-74
10    <uses-permission android:name="android.permission.FOREGROUND_SERVICE_DATA_SYNC" />
10-->src\main\AndroidManifest.xml:4:5-86
10-->src\main\AndroidManifest.xml:4:22-84
11    <uses-permission android:name="android.permission.ACCESS_NETWORK_STATE" />
11-->src\main\AndroidManifest.xml:5:5-79
11-->src\main\AndroidManifest.xml:5:22-76
12    <uses-permission android:name="android.permission.SCHEDULE_EXACT_ALARM" />
12-->src\main\AndroidManifest.xml:6:5-79
12-->src\main\AndroidManifest.xml:6:22-76
13
14    <application>
14-->src\main\AndroidManifest.xml:8:5-9:19
15    </application>
16
17</manifest>